3
S 0 _ _ -> S _ > _ ^ 0 >
S 1 _ _ -> S _ > _ ^ 1 >
S o _ _ -> so o ^ _ < _ ^
S a _ _ -> sa a ^ _ < _ ^
S ( _ _ -> S _ > ( > _ ^
S ) _ _ -> ss ) ^ _ < _ ^
S _ _ _ -> st _ ^ _ < _ ^
so o o _ -> so o ^ _ < o >
so o a _ -> so o ^ _ < a >
so o ( _ -> so o ^ ( > _ ^
so o _ _ -> S _ > o > _ ^
sa a o _ -> sa a ^ o > _ ^
sa a a _ -> sa a ^ _ < a >
sa a ( _ -> sa a ^ ( > _ ^
sa a _ _ -> S _ > a > _ ^
ss ) o _ -> ss ) ^ _ < o >
ss ) a _ -> ss ) ^ _ < a >
ss ) ( _ -> S _ > _ ^ _ ^
st _ o _ -> st _ ^ _ < o >
st _ a _ -> st _ ^ _ < a >
st _ _ _ -> gos _ ^ _ ^ _ <
gos _ _ 0 -> gos _ ^ _ ^ 0 <
gos _ _ 1 -> gos _ ^ _ ^ 1 <
gos _ _ o -> gos _ ^ _ ^ o <
gos _ _ a -> gos _ ^ _ ^ a <
gos _ _ _ -> str _ ^ _ ^ _ >
str _ _ 0 -> str 0 > _ ^ _ >
str _ _ 1 -> str 1 > _ ^ _ >
str _ _ o -> ad _ < _ ^ o ^
str _ _ a -> mu _ < _ ^ a ^
str _ _ _ -> AC _ < _ ^ _ ^
ad 0 _ o -> adf _ < _ ^ o ^
ad 1 _ o -> adt _ < _ ^ o ^
adf 0 _ o -> str 0 > _ ^ _ >
adf 1 _ o -> str 1 > _ ^ _ >
adt 0 _ o -> str 1 > _ ^ _ >
adt 1 _ o -> str 1 > _ ^ _ >
mu 0 _ a -> muf _ < _ ^ a ^
mu 1 _ a -> mut _ < _ ^ a ^
muf 0 _ a -> str 0 > _ ^ _ >
muf 1 _ a -> str 0 > _ ^ _ >
mut 0 _ a -> str 0 > _ ^ _ >
mut 1 _ a -> str 1 > _ ^ _ >