start: s
accept: ac
reject: rj
blank: _
s 0 -> gc 3 >
s 1 -> gc 4 >
s < -> ch < >
gc 0 -> gc 0 >
gc 1 -> gc 1 >
gc < -> gs < >
gs 0 -> gcb 3 <
gs 1 -> gcb 4 <
gs 3 -> gs 3 >
gs 4 -> gs 4 >
gs _ -> rj _ ^
gcb < -> gsb < <
gcb 3 -> gcb 3 <
gcb 4 -> gcb 4 <
gsb 0 -> gsb 0 <
gsb 1 -> gsb 1 <
gsb 3 -> s 3 >
gsb 4 -> s 4 >
ch 0 -> ac _ ^
ch 1 -> ac _ ^
ch 3 -> ch 3 >
ch 4 -> ch 4 >
ch _ -> gst _ <
gst < -> gst < <
gst 3 -> gst 3 <
gst 4 -> gst 4 <
gst _ -> rs _ >
rs < -> rj _ ^
rs 3 -> l3 _ >
rs 4 -> l4 _ >
l3 < -> r3 < >
l3 3 -> l3 3 >
l3 4 -> l3 4 >
l4 < -> r4 < >
l4 3 -> l4 3 >
l4 4 -> l4 4 >
r3 3 -> goc _ <
r3 4 -> ac _ ^
r3 _ -> r3 _ >
r4 3 -> rj _ ^
r4 4 -> goc _ <
r4 _ -> r4 _ >
goc < -> tk < <
goc _ -> goc _ <
tk 3 -> tk 3 <
tk 4 -> tk 4 <
tk _ -> rs _ >